<?xml version="1.0" encoding="UTF-8"?>
<!-- Generated by org.testng.reporters.JUnitReportReporter -->
<testsuite hostname="Shubham-PC" failures="0" tests="2" name="dataProvidersUse.FBLoginTestNGClass" time="26.729" errors="0" timestamp="2024-10-09T08:50:35 IST" skipped="0">
  <testcase classname="dataProvidersUse.FBLoginTestNGClass" name="fbLogin" time="17.373"/>
  <testcase classname="dataProvidersUse.FBLoginTestNGClass" name="fbLogin" time="9.356"/>
</testsuite> <!-- dataProvidersUse.FBLoginTestNGClass -->
