<?xml version="1.0" encoding="UTF-8"?>
<!-- Generated by org.testng.reporters.JUnitReportReporter -->
<testsuite hostname="Shubham-PC" failures="0" tests="3" name="testNGPractice.Class1" time="0.020" errors="0" timestamp="2024-10-06T17:39:05 IST" skipped="0">
  <testcase classname="testNGPractice.Class1" name="c" time="0.003">
    <system-out>
      <![CDATA[c's method]]>
    </system-out>
  </testcase> <!-- c -->
  <testcase classname="testNGPractice.Class1" name="d" time="0.003">
    <system-out>
      <![CDATA[d's method]]>
    </system-out>
  </testcase> <!-- d -->
  <testcase classname="testNGPractice.Class1" name="a" time="0.014">
    <system-out>
      <![CDATA[a's method]]>
    </system-out>
  </testcase> <!-- a -->
  <system-out>
    <![CDATA[a's method
c's method
d's method
f's method
g's method
h's method
i's method
k's method
l's method]]>
  </system-out>
</testsuite> <!-- testNGPractice.Class1 -->
