<?xml version="1.0" encoding="UTF-8"?>
<!-- Generated by org.testng.reporters.JUnitReportReporter -->
<testsuite hostname="Shubham-PC" failures="0" tests="2" name="testNGPractice.MultipleBrowsersOpenUsingTestNG" time="69.827" errors="0" timestamp="2024-09-23T20:36:18 IST" skipped="0">
  <testcase classname="testNGPractice.MultipleBrowsersOpenUsingTestNG" name="chrome" time="34.738"/>
  <testcase classname="testNGPractice.MultipleBrowsersOpenUsingTestNG" name="firefox" time="35.089"/>
</testsuite> <!-- testNGPractice.MultipleBrowsersOpenUsingTestNG -->
