<?xml version="1.0" encoding="UTF-8"?>
<!-- Generated by org.testng.reporters.JUnitReportReporter -->
<testsuite hostname="Shubham-PC" failures="0" tests="2" name="testNGPractice.TestNGIncludeTag" time="0.019" errors="0" timestamp="2024-10-01T09:34:59 IST" skipped="0">
  <testcase classname="testNGPractice.TestNGIncludeTag" name="a" time="0.015">
    <system-out>
      <![CDATA[a's methods]]>
    </system-out>
  </testcase> <!-- a -->
  <testcase classname="testNGPractice.TestNGIncludeTag" name="d" time="0.004">
    <system-out>
      <![CDATA[d's methods]]>
    </system-out>
  </testcase> <!-- d -->
  <system-out>
    <![CDATA[a's methods
d's methods
e's method
h's method]]>
  </system-out>
</testsuite> <!-- testNGPractice.TestNGIncludeTag -->
