<?xml version="1.0" encoding="UTF-8"?>
<!-- Generated by org.testng.reporters.JUnitReportReporter -->
<testsuite hostname="Shubham-PC" failures="0" tests="7" name="testNGPractice.TestNGKeywords" time="0.552" errors="0" timestamp="2024-09-25T15:21:37 IST" skipped="1">
  <testcase classname="testNGPractice.TestNGKeywords" name="f" time="0.013">
    <system-out>
      <![CDATA[f method]]>
    </system-out>
  </testcase> <!-- f -->
  <testcase classname="testNGPractice.TestNGKeywords" name="e" time="0.514">
    <system-out>
      <![CDATA[e method]]>
    </system-out>
  </testcase> <!-- e -->
  <testcase classname="testNGPractice.TestNGKeywords" name="a" time="0.002">
    <system-out>
      <![CDATA[a method]]>
    </system-out>
  </testcase> <!-- a -->
  <testcase classname="testNGPractice.TestNGKeywords" name="a" time="0.003">
    <system-out>
      <![CDATA[a method]]>
    </system-out>
  </testcase> <!-- a -->
  <testcase classname="testNGPractice.TestNGKeywords" name="c" time="0.017">
    <system-out>
      <![CDATA[c method]]>
    </system-out>
  </testcase> <!-- c -->
  <testcase classname="testNGPractice.TestNGKeywords" name="d" time="0.003">
    <system-out>
      <![CDATA[d method]]>
    </system-out>
  </testcase> <!-- d -->
  <testcase classname="testNGPractice.TestNGKeywords" name="b">
    <skipped/>
  </testcase> <!-- b -->
  <system-out>
    <![CDATA[c method
d method
a method
a method
e method
f method]]>
  </system-out>
</testsuite> <!-- testNGPractice.TestNGKeywords -->
