<?xml version="1.0" encoding="UTF-8"?>
<!-- Generated by org.testng.reporters.JUnitReportReporter -->
<testsuite hostname="Shubham-PC" failures="0" tests="8" name="testNGPractice.MultipleKeywords" time="0.039" errors="0" timestamp="2024-09-26T14:44:09 IST" skipped="0">
  <testcase classname="testNGPractice.MultipleKeywords" name="b" time="0.003">
    <system-out>
      <![CDATA[b method]]>
    </system-out>
  </testcase> <!-- b -->
  <testcase classname="testNGPractice.MultipleKeywords" name="d" time="0.004">
    <system-out>
      <![CDATA[d method]]>
    </system-out>
  </testcase> <!-- d -->
  <testcase classname="testNGPractice.MultipleKeywords" name="a" time="0.003">
    <system-out>
      <![CDATA[a method]]>
    </system-out>
  </testcase> <!-- a -->
  <testcase classname="testNGPractice.MultipleKeywords" name="c" time="0.002">
    <system-out>
      <![CDATA[c method]]>
    </system-out>
  </testcase> <!-- c -->
  <testcase classname="testNGPractice.MultipleKeywords" name="z" time="0.006">
    <system-out>
      <![CDATA[z method]]>
    </system-out>
  </testcase> <!-- z -->
  <testcase classname="testNGPractice.MultipleKeywords" name="x" time="0.017">
    <system-out>
      <![CDATA[x method]]>
    </system-out>
  </testcase> <!-- x -->
  <testcase classname="testNGPractice.MultipleKeywords" name="y" time="0.002">
    <system-out>
      <![CDATA[y method]]>
    </system-out>
  </testcase> <!-- y -->
  <testcase classname="testNGPractice.MultipleKeywords" name="multipleKeywords" time="0.002">
    <system-out>
      <![CDATA[multiple Keywords]]>
    </system-out>
  </testcase> <!-- multipleKeywords -->
  <system-out>
    <![CDATA[x method
y method
z method
a method
b method
c method
d method
multiple Keywords]]>
  </system-out>
</testsuite> <!-- testNGPractice.MultipleKeywords -->
