<?xml version="1.0" encoding="UTF-8"?>
<!-- Generated by org.testng.reporters.JUnitReportReporter -->
<testsuite hostname="Shubham-PC" failures="0" tests="2" name="testNGPractice.TestNGAnnotations" time="0.017" errors="0" timestamp="2024-09-21T14:28:37 IST" skipped="0">
  <testcase classname="testNGPractice.TestNGAnnotations" name="ztest1" time="0.005">
    <system-out>
      <![CDATA[z test1]]>
    </system-out>
  </testcase> <!-- ztest1 -->
  <testcase classname="testNGPractice.TestNGAnnotations" name="atest2" time="0.012">
    <system-out>
      <![CDATA[a test2]]>
    </system-out>
  </testcase> <!-- atest2 -->
  <system-out>
    <![CDATA[Before class
Before method
c Before method
a test2
Before method
c Before method
z test1
after class]]>
  </system-out>
</testsuite> <!-- testNGPractice.TestNGAnnotations -->
