<?xml version="1.0" encoding="UTF-8"?>
<!-- Generated by org.testng.reporters.JUnitReportReporter -->
<testsuite hostname="Shubham-PC" failures="0" tests="3" name="testNGPractice.Class3" time="0.009" errors="0" timestamp="2024-10-06T17:39:05 IST" skipped="0">
  <testcase classname="testNGPractice.Class3" name="i" time="0.004">
    <system-out>
      <![CDATA[i's method]]>
    </system-out>
  </testcase> <!-- i -->
  <testcase classname="testNGPractice.Class3" name="l" time="0.003">
    <system-out>
      <![CDATA[l's method]]>
    </system-out>
  </testcase> <!-- l -->
  <testcase classname="testNGPractice.Class3" name="k" time="0.002">
    <system-out>
      <![CDATA[k's method]]>
    </system-out>
  </testcase> <!-- k -->
  <system-out>
    <![CDATA[a's method
c's method
d's method
f's method
g's method
h's method
i's method
k's method
l's method]]>
  </system-out>
</testsuite> <!-- testNGPractice.Class3 -->
