<?xml version="1.0" encoding="UTF-8"?>
<!-- Generated by org.testng.reporters.JUnitReportReporter -->
<testsuite hostname="Shubham-PC" failures="0" tests="3" name="testNGPractice.Class2" time="0.007" errors="0" timestamp="2024-10-06T17:39:05 IST" skipped="0">
  <testcase classname="testNGPractice.Class2" name="f" time="0.003">
    <system-out>
      <![CDATA[f's method]]>
    </system-out>
  </testcase> <!-- f -->
  <testcase classname="testNGPractice.Class2" name="h" time="0.002">
    <system-out>
      <![CDATA[h's method]]>
    </system-out>
  </testcase> <!-- h -->
  <testcase classname="testNGPractice.Class2" name="g" time="0.002">
    <system-out>
      <![CDATA[g's method]]>
    </system-out>
  </testcase> <!-- g -->
  <system-out>
    <![CDATA[a's method
c's method
d's method
f's method
g's method
h's method
i's method
k's method
l's method]]>
  </system-out>
</testsuite> <!-- testNGPractice.Class2 -->
