<?xml version="1.0" encoding="UTF-8"?>
<!-- Generated by org.testng.reporters.JUnitReportReporter -->
<testsuite hostname="Shubham-PC" failures="0" tests="1" name="testNGPractice.Test1" time="0.018" errors="0" timestamp="2024-09-25T12:10:49 IST" skipped="0">
  <testcase classname="testNGPractice.Test1" name="method1" time="0.018">
    <system-out>
      <![CDATA[Hello, it will print on HTML Reports
Hello
Hello]]>
    </system-out>
  </testcase> <!-- method1 -->
  <system-out>
    <![CDATA[Hello, it will print on HTML Reports
Hello
Hello]]>
  </system-out>
</testsuite> <!-- testNGPractice.Test1 -->
