<?xml version="1.0" encoding="UTF-8"?>
<!-- Generated by org.testng.reporters.JUnitReportReporter -->
<testsuite hostname="Shubham-PC" failures="0" tests="1" name="testNGPractice.TestNGExcludeTag" time="0.070" errors="0" timestamp="2024-10-03T09:57:10 IST" skipped="0">
  <testcase classname="testNGPractice.TestNGExcludeTag" name="g" time="0.070">
    <system-out>
      <![CDATA[g's method]]>
    </system-out>
  </testcase> <!-- g -->
  <system-out>
    <![CDATA[g's method]]>
  </system-out>
</testsuite> <!-- testNGPractice.TestNGExcludeTag -->
