<?xml version="1.0" encoding="UTF-8"?>
<!-- Generated by org.testng.reporters.JUnitReportReporter -->
<testsuite hostname="Shubham-PC" failures="0" tests="1" name="crossBrowserTesting.CBT" time="18.239" errors="0" timestamp="2024-10-07T09:07:50 IST" skipped="0">
  <testcase classname="crossBrowserTesting.CBT" name="cbt" time="18.239"/>
</testsuite> <!-- crossBrowserTesting.CBT -->
