<?xml version="1.0" encoding="UTF-8"?>
<!-- Generated by org.testng.reporters.JUnitReportReporter -->
<testsuite hostname="Shubham-PC" failures="0" tests="1" name="crossBrowserTesting.SampleClass" time="12.381" errors="0" timestamp="2024-10-07T09:07:50 IST" skipped="0">
  <testcase classname="crossBrowserTesting.SampleClass" name="f" time="12.381"/>
</testsuite> <!-- crossBrowserTesting.SampleClass -->
