<?xml version="1.0" encoding="UTF-8"?>
<!-- Generated by org.testng.reporters.JUnitReportReporter -->
<testsuite hostname="Shubham-PC" failures="0" tests="2" name="testNGPractice.TestNGAllAnnotations" time="0.017" errors="0" timestamp="2024-09-25T12:25:17 IST" skipped="0">
  <testcase classname="testNGPractice.TestNGAllAnnotations" name="method1" time="0.012">
    <system-out>
      <![CDATA[Test method - 1 / Test case - 1]]>
    </system-out>
  </testcase> <!-- method1 -->
  <testcase classname="testNGPractice.TestNGAllAnnotations" name="method2" time="0.005">
    <system-out>
      <![CDATA[Test method - 2 / Test case - 2]]>
    </system-out>
  </testcase> <!-- method2 -->
  <system-out>
    <![CDATA[before suite
before test
before class
before method
Test method - 1 / Test case - 1
after method
before method
Test method - 2 / Test case - 2
after method
after class
after test
after suite]]>
  </system-out>
</testsuite> <!-- testNGPractice.TestNGAllAnnotations -->
