<?xml version="1.0" encoding="UTF-8"?>
<!-- Generated by org.testng.reporters.JUnitReportReporter -->
<testsuite hostname="Shubham-PC" failures="0" tests="1" name="serialExecution.Class2" time="52.720" errors="0" timestamp="2024-10-06T18:09:55 IST" skipped="0">
  <testcase classname="serialExecution.Class2" name="f" time="52.720"/>
</testsuite> <!-- serialExecution.Class2 -->
