<?xml version="1.0" encoding="UTF-8"?>
<!-- Generated by org.testng.reporters.JUnitReportReporter -->
<testsuite hostname="Shubham-PC" failures="0" tests="1" name="serialExecution.Class1" time="38.194" errors="0" timestamp="2024-10-06T18:09:55 IST" skipped="0">
  <testcase classname="serialExecution.Class1" name="f" time="38.194"/>
</testsuite> <!-- serialExecution.Class1 -->
